<?xml version="1.0" encoding="UTF-8"?>
<!-- Generated by org.testng.reporters.JUnitXMLReporter -->
<testsuite ignored="0" hostname="DESKTOP-EGF8AOH" failures="0" tests="3" name="Default test" time="155.152" errors="0" timestamp="2021-08-31T23:41:03 IST">
  <testcase classname="com.vtiger.comcast.opportunitytest.OpportunityTest" name="createOpportunityTest" time="38.756"/>
  <testcase classname="com.vtiger.comcast.opportunitytest.OpportunityTest" name="createOpportunityWithMappingOrganizationTest" time="30.774"/>
  <testcase classname="com.vtiger.comcast.opportunitytest.OpportunityTest" name="createOpportunitywithMappingofExistingContactsTest" time="25.164"/>
</testsuite> <!-- Default test -->
