<?xml version="1.0" encoding="UTF-8"?>
<!-- Generated by org.testng.reporters.JUnitXMLReporter -->
<testsuite ignored="0" hostname="DESKTOP-EGF8AOH" failures="0" tests="3" name="TestRunnerMicrosoftEdge" time="0.918" errors="0" timestamp="2021-08-24T18:03:45 IST">
  <testcase classname="com.vtiger.comcast.genericUtility.BaseClass" name="@BeforeClass beforeClassConfiguration" time="0.637">
    <failure type="java.lang.IllegalStateException" message="The path to the driver executable must be set by the webdriver.edge.driver system property; for more information, see https://github.com/SeleniumHQ/selenium/wiki/MicrosoftWebDriver. The latest version can be downloaded from http://go.microsoft.com/fwlink/?LinkId=619687">
      <![CDATA[java.lang.IllegalStateException: The path to the driver executable must be set by the webdriver.edge.driver system property; for more information, see https://github.com/SeleniumHQ/selenium/wiki/MicrosoftWebDriver. The latest version can be downloaded from http://go.microsoft.com/fwlink/?LinkId=619687
at com.google.common.base.Preconditions.checkState(Preconditions.java:847)
at org.openqa.selenium.remote.service.DriverService.findExecutable(DriverService.java:134)
at org.openqa.selenium.edge.EdgeDriverService.access$000(EdgeDriverService.java:37)
at org.openqa.selenium.edge.EdgeDriverService$Builder.findDefaultExecutable(EdgeDriverService.java:90)
at org.openqa.selenium.remote.service.DriverService$Builder.build(DriverService.java:355)
at org.openqa.selenium.edge.EdgeDriverService.createDefaultService(EdgeDriverService.java:70)
at org.openqa.selenium.edge.EdgeDriver.<init>(EdgeDriver.java:96)
at com.vtiger.comcast.genericUtility.BaseClass.beforeClassConfiguration(BaseClass.java:43)
at java.base/java.util.ArrayList.forEach(ArrayList.java:1507)
at java.base/java.util.concurrent.FutureTask.run(FutureTask.java:264)
at java.base/java.util.concurrent.ThreadPoolExecutor.runWorker(ThreadPoolExecutor.java:1128)
at java.base/java.util.concurrent.ThreadPoolExecutor$Worker.run(ThreadPoolExecutor.java:628)
at java.base/java.lang.Thread.run(Thread.java:830)
... Removed 16 stack frames]]>
    </failure>
  </testcase> <!-- @BeforeClass beforeClassConfiguration -->
  <testcase classname="com.vtiger.comcast.genericUtility.BaseClass" name="@BeforeMethod beforeMethodConfiguration" time="-1.629808424814E9">
    <skipped/>
  </testcase> <!-- @BeforeMethod beforeMethodConfiguration -->
  <testcase classname="com.vtiger.comcast.genericUtility.BaseClass" name="@AfterMethod afterMethodConfiguration" time="-1.629808424845E9">
    <skipped/>
  </testcase> <!-- @AfterMethod afterMethodConfiguration -->
  <testcase classname="com.vtiger.comcast.genericUtility.BaseClass" name="@BeforeMethod beforeMethodConfiguration" time="-1.629808424878E9">
    <skipped/>
  </testcase> <!-- @BeforeMethod beforeMethodConfiguration -->
  <testcase classname="com.vtiger.comcast.genericUtility.BaseClass" name="@AfterMethod afterMethodConfiguration" time="-1.629808424892E9">
    <skipped/>
  </testcase> <!-- @AfterMethod afterMethodConfiguration -->
  <testcase classname="com.vtiger.comcast.genericUtility.BaseClass" name="@BeforeMethod beforeMethodConfiguration" time="-1.629808424897E9">
    <skipped/>
  </testcase> <!-- @BeforeMethod beforeMethodConfiguration -->
  <testcase classname="com.vtiger.comcast.genericUtility.BaseClass" name="@AfterMethod afterMethodConfiguration" time="-1.629808424906E9">
    <skipped/>
  </testcase> <!-- @AfterMethod afterMethodConfiguration -->
  <testcase classname="com.vtiger.comcast.genericUtility.BaseClass" name="@AfterClass afterClassConfiguration" time="-1.629808424914E9">
    <skipped/>
  </testcase> <!-- @AfterClass afterClassConfiguration -->
  <testcase classname="com.vtiger.comcast.opportunitytest.TC_03_OpportunityTest" name="createOpportunityTest" time="0.0">
    <skipped/>
  </testcase> <!-- createOpportunityTest -->
  <testcase classname="com.vtiger.comcast.opportunitytest.TC_03_OpportunityTest" name="createOpportunityWithMappingOrganizationTest" time="0.0">
    <skipped/>
  </testcase> <!-- createOpportunityWithMappingOrganizationTest -->
  <testcase classname="com.vtiger.comcast.opportunitytest.TC_03_OpportunityTest" name="createOpportunitywithMappingofExistingContactsTest" time="0.0">
    <skipped/>
  </testcase> <!-- createOpportunitywithMappingofExistingContactsTest -->
</testsuite> <!-- TestRunnerMicrosoftEdge -->
