<?xml version="1.0" encoding="UTF-8"?>
<testng-results ignored="0" total="1" passed="1" failed="0" skipped="0">
  <reporter-output>
  </reporter-output>
  <suite started-at="2021-09-09T16:54:26 IST" name="Default suite" finished-at="2021-09-09T16:57:37 IST" duration-ms="191492">
    <groups>
      <group name="SmokeTest">
        <method signature="OpportunityTest.createOpportunityTest()[pri:0, instance:com.vtiger.comcast.opportunitytest.OpportunityTest@63a12c68]" name="createOpportunityTest" class="com.vtiger.comcast.opportunitytest.OpportunityTest"/>
      </group> <!-- SmokeTest -->
    </groups>
    <test started-at="2021-09-09T16:54:26 IST" name="Default test" finished-at="2021-09-09T16:57:37 IST" duration-ms="191492">
      <class name="com.vtiger.comcast.opportunitytest.OpportunityTest">
        <test-method is-config="true" signature="beforeClassConfiguration()[pri:0, instance:com.vtiger.comcast.opportunitytest.OpportunityTest@63a12c68]" started-at="2021-09-09T16:54:26 IST" name="beforeClassConfiguration" finished-at="2021-09-09T16:54:39 IST" duration-ms="13423" status="PASS">
          <reporter-output>
          </reporter-output>
        </test-method> <!-- beforeClassConfiguration -->
        <test-method is-config="true" signature="beforeMethodConfiguration()[pri:0, instance:com.vtiger.comcast.opportunitytest.OpportunityTest@63a12c68]" started-at="2021-09-09T16:54:39 IST" name="beforeMethodConfiguration" finished-at="2021-09-09T16:56:24 IST" duration-ms="104334" status="PASS">
          <reporter-output>
          </reporter-output>
        </test-method> <!-- beforeMethodConfiguration -->
        <test-method signature="createOpportunityTest()[pri:0, instance:com.vtiger.comcast.opportunitytest.OpportunityTest@63a12c68]" started-at="2021-09-09T16:56:24 IST" name="createOpportunityTest" finished-at="2021-09-09T16:57:24 IST" duration-ms="60845" status="PASS">
          <reporter-output>
          </reporter-output>
        </test-method> <!-- createOpportunityTest -->
        <test-method is-config="true" signature="afterMethodConfiguration()[pri:0, instance:com.vtiger.comcast.opportunitytest.OpportunityTest@63a12c68]" started-at="2021-09-09T16:57:24 IST" name="afterMethodConfiguration" finished-at="2021-09-09T16:57:32 IST" duration-ms="7284" status="PASS">
          <reporter-output>
          </reporter-output>
        </test-method> <!-- afterMethodConfiguration -->
        <test-method is-config="true" signature="afterClassConfiguration()[pri:0, instance:com.vtiger.comcast.opportunitytest.OpportunityTest@63a12c68]" started-at="2021-09-09T16:57:32 IST" name="afterClassConfiguration" finished-at="2021-09-09T16:57:37 IST" duration-ms="5436" status="PASS">
          <reporter-output>
          </reporter-output>
        </test-method> <!-- afterClassConfiguration -->
      </class> <!-- com.vtiger.comcast.opportunitytest.OpportunityTest -->
    </test> <!-- Default test -->
  </suite> <!-- Default suite -->
</testng-results>
