<?xml version="1.0" encoding="UTF-8"?>
<testng-results ignored="0" total="1" passed="1" failed="0" skipped="0">
  <reporter-output>
  </reporter-output>
  <suite started-at="2021-09-06T16:27:00 IST" name="Suite" finished-at="2021-09-06T16:29:32 IST" duration-ms="152333">
    <groups>
      <group name="SmokeTest">
        <method signature="OpportunityTest.createOpportunityTest()[pri:0, instance:com.vtiger.comcast.opportunitytest.OpportunityTest@63a12c68]" name="createOpportunityTest" class="com.vtiger.comcast.opportunitytest.OpportunityTest"/>
      </group> <!-- SmokeTest -->
    </groups>
    <test started-at="2021-09-06T16:27:00 IST" name="Test" finished-at="2021-09-06T16:29:32 IST" duration-ms="152333">
      <class name="com.vtiger.comcast.opportunitytest.OpportunityTest">
        <test-method is-config="true" signature="beforeClassConfiguration()[pri:0, instance:com.vtiger.comcast.opportunitytest.OpportunityTest@63a12c68]" started-at="2021-09-06T16:27:00 IST" name="beforeClassConfiguration" finished-at="2021-09-06T16:27:09 IST" duration-ms="9139" status="PASS">
          <reporter-output>
          </reporter-output>
        </test-method> <!-- beforeClassConfiguration -->
        <test-method is-config="true" signature="beforeMethodConfiguration()[pri:0, instance:com.vtiger.comcast.opportunitytest.OpportunityTest@63a12c68]" started-at="2021-09-06T16:27:09 IST" name="beforeMethodConfiguration" finished-at="2021-09-06T16:28:16 IST" duration-ms="66769" status="PASS">
          <reporter-output>
          </reporter-output>
        </test-method> <!-- beforeMethodConfiguration -->
        <test-method signature="createOpportunityTest()[pri:0, instance:com.vtiger.comcast.opportunitytest.OpportunityTest@63a12c68]" started-at="2021-09-06T16:28:16 IST" name="createOpportunityTest" finished-at="2021-09-06T16:29:25 IST" duration-ms="68678" status="PASS">
          <reporter-output>
          </reporter-output>
        </test-method> <!-- createOpportunityTest -->
        <test-method is-config="true" signature="afterMethodConfiguration()[pri:0, instance:com.vtiger.comcast.opportunitytest.OpportunityTest@63a12c68]" started-at="2021-09-06T16:29:25 IST" name="afterMethodConfiguration" finished-at="2021-09-06T16:29:31 IST" duration-ms="6425" status="PASS">
          <reporter-output>
          </reporter-output>
        </test-method> <!-- afterMethodConfiguration -->
        <test-method is-config="true" signature="afterClassConfiguration()[pri:0, instance:com.vtiger.comcast.opportunitytest.OpportunityTest@63a12c68]" started-at="2021-09-06T16:29:31 IST" name="afterClassConfiguration" finished-at="2021-09-06T16:29:32 IST" duration-ms="1122" status="PASS">
          <reporter-output>
          </reporter-output>
        </test-method> <!-- afterClassConfiguration -->
      </class> <!-- com.vtiger.comcast.opportunitytest.OpportunityTest -->
    </test> <!-- Test -->
  </suite> <!-- Suite -->
</testng-results>
